<?xml version="1.0" encoding="UTF-8"?>
<!-- Generated by org.testng.reporters.JUnitXMLReporter -->
<testsuite ignored="0" hostname="Radhey" failures="0" tests="3" name="Default test" time="3.499" errors="0" timestamp="06 May 2023 15:27:17 GMT">
  <testcase classname="com.rsp.testpage.UserLogin" name="Test01" time="1.258"/>
  <testcase classname="com.rsp.testpage.UserLogin" name="Test02" time="1.882"/>
  <testcase classname="com.rsp.testpage.UserLogin" name="Test03" time="0.316"/>
</testsuite> <!-- Default test -->
