<?xml version="1.0" encoding="UTF-8"?>
<testng-results ignored="0" total="3" passed="3" failed="0" skipped="0">
  <reporter-output>
  </reporter-output>
  <suite started-at="2023-05-06T15:27:14Z" name="Default suite" finished-at="2023-05-06T15:27:17Z" duration-ms="3499">
    <groups>
    </groups>
    <test started-at="2023-05-06T15:27:14Z" name="Default test" finished-at="2023-05-06T15:27:17Z" duration-ms="3499">
      <class name="com.rsp.testpage.UserLogin">
        <test-method is-config="true" signature="UserLogin()[pri:0, instance:com.rsp.testpage.UserLogin@58ce9668]" started-at="2023-05-06T15:26:58Z" name="UserLogin" finished-at="2023-05-06T15:27:14Z" duration-ms="15085" status="PASS">
          <reporter-output>
          </reporter-output>
        </test-method> <!-- UserLogin -->
        <test-method signature="Test01()[pri:0, instance:com.rsp.testpage.UserLogin@58ce9668]" started-at="2023-05-06T15:27:14Z" name="Test01" finished-at="2023-05-06T15:27:15Z" duration-ms="1258" status="PASS">
          <reporter-output>
          </reporter-output>
        </test-method> <!-- Test01 -->
        <test-method signature="Test02()[pri:0, instance:com.rsp.testpage.UserLogin@58ce9668]" started-at="2023-05-06T15:27:15Z" name="Test02" finished-at="2023-05-06T15:27:17Z" duration-ms="1882" status="PASS">
          <reporter-output>
          </reporter-output>
        </test-method> <!-- Test02 -->
        <test-method signature="Test03()[pri:0, instance:com.rsp.testpage.UserLogin@58ce9668]" started-at="2023-05-06T15:27:17Z" name="Test03" finished-at="2023-05-06T15:27:17Z" duration-ms="316" status="PASS">
          <reporter-output>
          </reporter-output>
        </test-method> <!-- Test03 -->
      </class> <!-- com.rsp.testpage.UserLogin -->
    </test> <!-- Default test -->
  </suite> <!-- Default suite -->
</testng-results>
